[04:00:48] [main/INFO] (FabricLoader/GameProvider) Loading Minecraft 1.21.1 with Fabric Loader 0.15.11
[04:00:48] [main/INFO] (FabricLoader) Loading 43 mods:
	- coffer 0.0.0-dev
	- fabric-api 0.102.0+1.21.1
	- fabric-api-base 0.4.42+6573ed8c6a
	- fabric-api-lookup-api-v1 1.6.68+b55973446a
	- fabric-biome-api-v1 13.0.29+5bd9f1bc6a
	- fabric-block-api-v1 1.0.22+0af3f5a76a
	- fabric-block-view-api-v2 1.0.10+6573ed8c6a
	- fabric-command-api-v1 1.2.49+f71b366f6a
	- fabric-command-api-v2 2.2.28+6ced4dd96a
	- fabric-commands-v0 0.2.66+df3654b36a
	- fabric-content-registries-v0 8.0.16+b55973446a
	- fabric-convention-tags-v1 2.0.19+7f945d5b6a
	- fabric-convention-tags-v2 2.5.0+c5e2b5c66a
	- fabric-crash-report-info-v1 0.2.29+0af3f5a76a
	- fabric-data-attachment-api-v1 1.1.27+1daea2156a
	- fabric-data-generation-api-v1 20.2.16+16c4ae256a
	- fabric-dimensions-v1 4.0.0+6fc22b996a
	- fabric-entity-events-v1 1.6.12+6fc22b996a
	- fabric-events-interaction-v0 0.7.12+ba9dae066a
	- fabric-game-rule-api-v1 1.0.53+6ced4dd96a
	- fabric-gametest-api-v1 2.0.4+6fc22b996a
	- fabric-item-api-v1 11.0.0+afdfc9216a
	- fabric-item-group-api-v1 4.1.4+780172706a
	- fabric-lifecycle-events-v1 2.3.12+6c1df3606a
	- fabric-loot-api-v2 3.0.14+3f89f5a56a
	- fabric-loot-api-v3 1.0.2+3f89f5a56a
	- fabric-message-api-v1 6.0.13+6573ed8c6a
	- fabric-networking-api-v1 4.2.2+60c3209b6a
	- fabric-object-builder-api-v1 15.2.0+40875a936a
	- fabric-particles-v1 4.0.2+6573ed8c6a
	- fabric-recipe-api-v1 5.0.12+650897126a
	- fabric-registry-sync-v0 5.1.2+60c3209b6a
	- fabric-rendering-data-attachment-v1 0.3.48+73761d2e6a
	- fabric-rendering-fluids-v1 3.1.6+1daea2156a
	- fabric-resource-conditions-api-v1 4.3.0+8dc279b16a
	- fabric-resource-loader-v0 1.3.0+565991296a
	- fabric-screen-handler-api-v1 1.3.86+b55973446a
	- fabric-transfer-api-v1 5.1.16+3dccd3436a
	- fabric-transitive-access-wideners-v1 6.1.0+1daea2156a
	- fabricloader 0.15.11
	- java 21
	- minecraft 1.21.1
	- mixinextras 0.3.5
[04:00:48] [main/INFO] (FabricLoader/Mixin) SpongePowered MIXIN Subsystem Version=0.8.5 Source=file:/C:/Users/hotda/.gradle/caches/modules-2/files-2.1/net.fabricmc/sponge-mixin/0.13.3+mixin.0.8.5/9527e6b0d2449408958fd1302594dc65ec5ade9c/sponge-mixin-0.13.3+mixin.0.8.5.jar Service=Knot/Fabric Env=SERVER
[04:00:49] [main/INFO] (FabricLoader/Mixin) Loaded Fabric development mappings for mixin remapper!
[04:00:49] [main/INFO] (FabricLoader/Mixin) Compatibility level set to JAVA_17
[04:00:49] [main/INFO] (FabricLoader/MixinExtras|Service) Initializing MixinExtras via com.llamalad7.mixinextras.service.MixinExtrasServiceImpl(version=0.3.5).
[04:00:55] [main/INFO] (Minecraft) Environment: Environment[sessionHost=https://sessionserver.mojang.com, servicesHost=https://api.minecraftservices.com, name=PROD]
[04:00:56] [main/INFO] (Minecraft) No existing world data, creating new world
[04:00:57] [main/INFO] (Minecraft) Loaded 1290 recipes
[04:00:57] [main/INFO] (Minecraft) Loaded 1399 advancements
[04:00:57] [main/INFO] (BiomeModificationImpl) Applied 0 biome modifications to 0 of 64 new biomes in 1.239 ms
[04:00:57] [Server thread/INFO] (Minecraft) Starting minecraft server version 1.21.1
[04:00:57] [Server thread/INFO] (Minecraft) Loading properties
[04:00:57] [Server thread/INFO] (Minecraft) Default game type: SURVIVAL
[04:00:57] [Server thread/INFO] (Minecraft) Generating keypair
[04:00:57] [Server thread/INFO] (Minecraft) Starting Minecraft server on *:25565
[04:00:57] [Server thread/INFO] (Minecraft) Using default channel type
[04:00:57] [Server thread/INFO] (Minecraft) Preparing level "world"
[04:00:59] [Server thread/INFO] (Minecraft) Preparing start region for dimension minecraft:overworld
[04:00:59] [Worker-Main-12/INFO] (Minecraft) Preparing spawn area: 2%
[04:01:00] [Worker-Main-14/INFO] (Minecraft) Preparing spawn area: 2%
[04:01:00] [Worker-Main-1/INFO] (Minecraft) Preparing spawn area: 18%
[04:01:01] [Worker-Main-15/INFO] (Minecraft) Preparing spawn area: 51%
[04:01:01] [Server thread/INFO] (Minecraft) Time elapsed: 1621 ms
[04:01:01] [Server thread/INFO] (Minecraft) Done (3.623s)! For help, type "help"
[04:04:25] [User Authenticator #1/INFO] (Minecraft) UUID of player heykiditsaaron is f6f7bcbf-5fd8-4374-b4ea-d62ee58de52e
[04:04:26] [Server thread/INFO] (Minecraft) heykiditsaaron[/127.0.0.1:52446] logged in with entity id 38 at (278.5, 64.0, -119.5)
[04:04:26] [Server thread/INFO] (Minecraft) heykiditsaaron joined the game
[04:04:36] [Server thread/INFO] (Minecraft) [STDOUT]: [Coffer][Audit] allowed=true reason=null
[04:05:24] [Server thread/INFO] (Minecraft) heykiditsaaron lost connection: Disconnected
[04:05:24] [Server thread/INFO] (Minecraft) heykiditsaaron left the game
